<test-results failures="0" name="GosUslugi.sff" success="True" total="1">
  <test name="Проверка версии для слабовидящих" success="True" time="7,599">
    <browser name="firefox" success="True" time="7,599">
      <test-case name="Перейти на сайт ГосУслуги" success="True" time="5,096" />
      <test-case name="Найти элемент &quot;Подтвердить местоположение&quot;" success="True" time="0,041" />
      <test-case name="Подтверждение определения местоположения" success="True" time="0,072" />
      <test-case name="Найти элемент &quot;Версия для слабовидящих&quot;" success="True" time="0,111" />
      <test-case name="Перейти на старицу &quot;Версия для слабовидящих&quot;" success="True" time="1,255" />
      <test-case name="Пауза 1 с" success="True" time="1" />
      <test-case name="Проверка, что открылась версия для слабовидящих" success="True" time="0,024" />
    </browser>
  </test>
</test-results>